app/build/intermediates/manifest_merge_blame_file/debug/processDebugMainManifest/manifest-merger-blame-debug-report.txt
1<?xml version="1.0" encoding="utf-8"?>
2<manifest xmlns:android="http://schemas.android.com/apk/res/android"
3    package="com.quickkeep"
4    android:versionCode="1"
5    android:versionName="1.0" >
6
7    <uses-sdk
8        android:minSdkVersion="26"
9        android:targetSdkVersion="35" />
10
11    <permission
11-->[androidx.core:core:1.13.1] AndroidManifest.xml:22:5-24:47
12        android:name="com.quickkeep.DYNAMIC_RECEIVER_NOT_EXPORTED_PERMISSION"
12-->[androidx.core:core:1.13.1] AndroidManifest.xml:23:9-81
13        android:protectionLevel="signature" />
13-->[androidx.core:core:1.13.1] AndroidManifest.xml:24:9-44
14
15    <uses-permission android:name="com.quickkeep.DYNAMIC_RECEIVER_NOT_EXPORTED_PERMISSION" />
15-->[androidx.core:core:1.13.1] AndroidManifest.xml:26:5-97
15-->[androidx.core:core:1.13.1] AndroidManifest.xml:26:22-94
16
17    <application
17-->src\main\AndroidManifest.xml:2:5-47:19
18        android:allowBackup="true"
18-->src\main\AndroidManifest.xml:5:9-35
19        android:appComponentFactory="androidx.core.app.CoreComponentFactory"
19-->[androidx.core:core:1.13.1] AndroidManifest.xml:28:18-86
20        android:dataExtractionRules="@xml/data_extraction_rules"
20-->src\main\AndroidManifest.xml:7:9-65
21        android:debuggable="true"
22        android:extractNativeLibs="false"
23        android:fullBackupContent="@xml/backup_rules"
23-->src\main\AndroidManifest.xml:6:9-54
24        android:icon="@mipmap/ic_launcher"
24-->src\main\AndroidManifest.xml:4:9-43
25        android:label="QuickKeep"
25-->src\main\AndroidManifest.xml:3:9-34
26        android:supportsRtl="true"
26-->src\main\AndroidManifest.xml:8:9-35
27        android:theme="@style/Theme.Material3.DayNight.NoActionBar" >
27-->src\main\AndroidManifest.xml:9:9-68
28        <activity
28-->src\main\AndroidManifest.xml:11:9-18:20
29            android:name="com.quickkeep.ui.MainActivity"
29-->src\main\AndroidManifest.xml:12:13-44
30            android:exported="true" >
30-->src\main\AndroidManifest.xml:13:13-36
31            <intent-filter>
31-->src\main\AndroidManifest.xml:14:13-17:29
32                <action android:name="android.intent.action.MAIN" />
32-->src\main\AndroidManifest.xml:15:17-69
32-->src\main\AndroidManifest.xml:15:25-66
33
34                <category android:name="android.intent.category.LAUNCHER" />
34-->src\main\AndroidManifest.xml:16:17-77
34-->src\main\AndroidManifest.xml:16:27-74
35            </intent-filter>
36        </activity>
37
38        <!-- Share target to capture text/urls/images from any app -->
39        <activity
39-->src\main\AndroidManifest.xml:21:9-41:20
40            android:name="com.quickkeep.share.ShareActivity"
40-->src\main\AndroidManifest.xml:22:13-48
41            android:excludeFromRecents="true"
41-->src\main\AndroidManifest.xml:25:13-46
42            android:exported="true"
42-->src\main\AndroidManifest.xml:23:13-36
43            android:taskAffinity="com.quickkeep.share" >
43-->src\main\AndroidManifest.xml:24:13-55
44            <intent-filter>
44-->src\main\AndroidManifest.xml:26:13-30:29
45                <action android:name="android.intent.action.SEND" />
45-->src\main\AndroidManifest.xml:27:17-69
45-->src\main\AndroidManifest.xml:27:25-66
46
47                <category android:name="android.intent.category.DEFAULT" />
47-->src\main\AndroidManifest.xml:28:17-76
47-->src\main\AndroidManifest.xml:28:27-73
48
49                <data android:mimeType="text/*" />
49-->src\main\AndroidManifest.xml:29:17-51
49-->src\main\AndroidManifest.xml:29:23-48
50            </intent-filter>
51            <intent-filter>
51-->src\main\AndroidManifest.xml:31:13-35:29
52                <action android:name="android.intent.action.SEND" />
52-->src\main\AndroidManifest.xml:27:17-69
52-->src\main\AndroidManifest.xml:27:25-66
53
54                <category android:name="android.intent.category.DEFAULT" />
54-->src\main\AndroidManifest.xml:28:17-76
54-->src\main\AndroidManifest.xml:28:27-73
55
56                <data android:mimeType="image/*" />
56-->src\main\AndroidManifest.xml:29:17-51
56-->src\main\AndroidManifest.xml:29:23-48
57            </intent-filter>
58            <intent-filter>
58-->src\main\AndroidManifest.xml:36:13-40:29
59                <action android:name="android.intent.action.SEND_MULTIPLE" />
59-->src\main\AndroidManifest.xml:37:17-78
59-->src\main\AndroidManifest.xml:37:25-75
60
61                <category android:name="android.intent.category.DEFAULT" />
61-->src\main\AndroidManifest.xml:28:17-76
61-->src\main\AndroidManifest.xml:28:27-73
62
63                <data android:mimeType="image/*" />
63-->src\main\AndroidManifest.xml:29:17-51
63-->src\main\AndroidManifest.xml:29:23-48
64            </intent-filter>
65        </activity>
66        <activity
66-->src\main\AndroidManifest.xml:43:9-45:40
67            android:name="com.quickkeep.share.SelectCollectionActivity"
67-->src\main\AndroidManifest.xml:44:13-59
68            android:exported="false" />
68-->src\main\AndroidManifest.xml:45:13-37
69        <activity
69-->[androidx.compose.ui:ui-tooling-android:1.7.6] AndroidManifest.xml:23:9-25:39
70            android:name="androidx.compose.ui.tooling.PreviewActivity"
70-->[androidx.compose.ui:ui-tooling-android:1.7.6] AndroidManifest.xml:24:13-71
71            android:exported="true" />
71-->[androidx.compose.ui:ui-tooling-android:1.7.6] AndroidManifest.xml:25:13-36
72
73        <provider
73-->[androidx.emoji2:emoji2:1.3.0] AndroidManifest.xml:24:9-32:20
74            android:name="androidx.startup.InitializationProvider"
74-->[androidx.emoji2:emoji2:1.3.0] AndroidManifest.xml:25:13-67
75            android:authorities="com.quickkeep.androidx-startup"
75-->[androidx.emoji2:emoji2:1.3.0] AndroidManifest.xml:26:13-68
76            android:exported="false" >
76-->[androidx.emoji2:emoji2:1.3.0] AndroidManifest.xml:27:13-37
77            <meta-data
77-->[androidx.emoji2:emoji2:1.3.0] AndroidManifest.xml:29:13-31:52
78                android:name="androidx.emoji2.text.EmojiCompatInitializer"
78-->[androidx.emoji2:emoji2:1.3.0] AndroidManifest.xml:30:17-75
79                android:value="androidx.startup" />
79-->[androidx.emoji2:emoji2:1.3.0] AndroidManifest.xml:31:17-49
80            <meta-data
80-->[androidx.lifecycle:lifecycle-process:2.8.4] AndroidManifest.xml:29:13-31:52
81                android:name="androidx.lifecycle.ProcessLifecycleInitializer"
81-->[androidx.lifecycle:lifecycle-process:2.8.4] AndroidManifest.xml:30:17-78
82                android:value="androidx.startup" />
82-->[androidx.lifecycle:lifecycle-process:2.8.4] AndroidManifest.xml:31:17-49
83            <meta-data
83-->[androidx.profileinstaller:profileinstaller:1.4.0] AndroidManifest.xml:29:13-31:52
84                android:name="androidx.profileinstaller.ProfileInstallerInitializer"
84-->[androidx.profileinstaller:profileinstaller:1.4.0] AndroidManifest.xml:30:17-85
85                android:value="androidx.startup" />
85-->[androidx.profileinstaller:profileinstaller:1.4.0] AndroidManifest.xml:31:17-49
86        </provider>
87
88        <service
88-->[androidx.room:room-runtime-android:2.7.0] AndroidManifest.xml:24:9-28:63
89            android:name="androidx.room.MultiInstanceInvalidationService"
89-->[androidx.room:room-runtime-android:2.7.0] AndroidManifest.xml:25:13-74
90            android:directBootAware="true"
90-->[androidx.room:room-runtime-android:2.7.0] AndroidManifest.xml:26:13-43
91            android:exported="false" />
91-->[androidx.room:room-runtime-android:2.7.0] AndroidManifest.xml:27:13-37
92
93        <receiver
93-->[androidx.profileinstaller:profileinstaller:1.4.0] AndroidManifest.xml:34:9-52:20
94            android:name="androidx.profileinstaller.ProfileInstallReceiver"
94-->[androidx.profileinstaller:profileinstaller:1.4.0] AndroidManifest.xml:35:13-76
95            android:directBootAware="false"
95-->[androidx.profileinstaller:profileinstaller:1.4.0] AndroidManifest.xml:36:13-44
96            android:enabled="true"
96-->[androidx.profileinstaller:profileinstaller:1.4.0] AndroidManifest.xml:37:13-35
97            android:exported="true"
97-->[androidx.profileinstaller:profileinstaller:1.4.0] AndroidManifest.xml:38:13-36
98            android:permission="android.permission.DUMP" >
98-->[androidx.profileinstaller:profileinstaller:1.4.0] AndroidManifest.xml:39:13-57
99            <intent-filter>
99-->[androidx.profileinstaller:profileinstaller:1.4.0] AndroidManifest.xml:40:13-42:29
100                <action android:name="androidx.profileinstaller.action.INSTALL_PROFILE" />
100-->[androidx.profileinstaller:profileinstaller:1.4.0] AndroidManifest.xml:41:17-91
100-->[androidx.profileinstaller:profileinstaller:1.4.0] AndroidManifest.xml:41:25-88
101            </intent-filter>
102            <intent-filter>
102-->[androidx.profileinstaller:profileinstaller:1.4.0] AndroidManifest.xml:43:13-45:29
103                <action android:name="androidx.profileinstaller.action.SKIP_FILE" />
103-->[androidx.profileinstaller:profileinstaller:1.4.0] AndroidManifest.xml:44:17-85
103-->[androidx.profileinstaller:profileinstaller:1.4.0] AndroidManifest.xml:44:25-82
104            </intent-filter>
105            <intent-filter>
105-->[androidx.profileinstaller:profileinstaller:1.4.0] AndroidManifest.xml:46:13-48:29
106                <action android:name="androidx.profileinstaller.action.SAVE_PROFILE" />
106-->[androidx.profileinstaller:profileinstaller:1.4.0] AndroidManifest.xml:47:17-88
106-->[androidx.profileinstaller:profileinstaller:1.4.0] AndroidManifest.xml:47:25-85
107            </intent-filter>
108            <intent-filter>
108-->[androidx.profileinstaller:profileinstaller:1.4.0] AndroidManifest.xml:49:13-51:29
109                <action android:name="androidx.profileinstaller.action.BENCHMARK_OPERATION" />
109-->[androidx.profileinstaller:profileinstaller:1.4.0] AndroidManifest.xml:50:17-95
109-->[androidx.profileinstaller:profileinstaller:1.4.0] AndroidManifest.xml:50:25-92
110            </intent-filter>
111        </receiver>
112    </application>
113
114</manifest>